<?xml version="1.0" encoding="UTF-8" ?>
<testsuite errors="0" failures="0" hostname="DST57388" name="com.java.test.TestMessageUtil" skipped="0" tests="2" time="0.059" timestamp="2017-01-09T08:38:18">
  <properties>
[...]
</properties>
  <testcase classname="com.java.test.TestMessageUtil" name="testSalutationMessage" time="0.0" />
  <testcase classname="com.java.test.TestMessageUtil" name="testPrintMessage" time="0.0" />
  <system-out><![CDATA[Inside testSalutationMessage()
Hi!Robert
Inside testPrintMessage()
Robert
]]></system-out>
  <system-err><![CDATA[]]></system-err>
</testsuite>
